TN:
SF:dist\infrastructure\externals\viaCep\ViaCep.js
FN:2,(anonymous_0)
FN:3,adopt
FN:3,(anonymous_2)
FN:4,(anonymous_3)
FN:5,fulfilled
FN:6,rejected
FN:7,step
FN:11,(anonymous_7)
FN:20,(anonymous_8)
FN:27,(anonymous_9)
FN:28,(anonymous_10)
FNF:11
FNH:9
FNDA:1,(anonymous_0)
FNDA:1,adopt
FNDA:0,(anonymous_2)
FNDA:1,(anonymous_3)
FNDA:1,fulfilled
FNDA:0,rejected
FNDA:2,step
FNDA:1,(anonymous_7)
FNDA:1,(anonymous_8)
FNDA:1,(anonymous_9)
FNDA:1,(anonymous_10)
DA:2,1
DA:3,1
DA:4,1
DA:5,1
DA:6,0
DA:7,2
DA:8,1
DA:11,1
DA:12,1
DA:14,1
DA:15,1
DA:16,1
DA:21,1
DA:22,1
DA:28,1
DA:29,1
DA:30,1
DA:34,1
LF:18
LH:17
BRDA:2,0,0,1
BRDA:2,0,1,0
BRDA:2,0,2,1
BRDA:3,1,0,1
BRDA:3,1,1,0
BRDA:4,2,0,1
BRDA:4,2,1,1
BRDA:7,3,0,1
BRDA:7,3,1,1
BRDA:8,4,0,1
BRDA:8,4,1,1
BRDA:11,5,0,1
BRDA:11,5,1,0
BRDA:11,5,2,1
BRDA:12,6,0,0
BRDA:12,6,1,1
BRDA:12,7,0,1
BRDA:12,7,1,1
BRF:18
BRH:14
end_of_record
TN:
SF:src\infrastructure\externals\viaCep\ViaCep.ts
FN:13,(anonymous_0)
FN:20,(anonymous_1)
FNF:2
FNH:2
FNDA:1,(anonymous_0)
FNDA:1,(anonymous_1)
DA:6,1
DA:14,1
DA:21,1
DA:22,1
LF:4
LH:4
BRF:0
BRH:0
end_of_record
